Warning: Could not create socket on mxlhistorical@mail.butlerdearden.com:993
Warning: Could not create socket on ptmjournalmailbox@ptmexg.pleasetouchmuseum.org:995
Warning: Could not connect to IMAP ctxjournalmailbox@216.85.119.11:143
Warning: Could not create socket on JR4@mail.stormgroup.net:993
Warning: Could not create socket on JR1@mail.stormgroup.net:993
INSERT 0 1
INSERT 0 1
INSERT 0 1
INSERT 0 1
INSERT 0 1
INSERT 0 1
INSERT 0 1
INSERT 0 1
INSERT 0 1
INSERT 0 1
INSERT 0 1
INSERT 0 1
INSERT 0 1
INSERT 0 1
INSERT 0 1
INSERT 0 1
INSERT 0 1
INSERT 0 1
INSERT 0 1
INSERT 0 1
INSERT 0 1
INSERT 0 1
INSERT 0 1
INSERT 0 1
INSERT 0 1
INSERT 0 1
INSERT 0 1
INSERT 0 1
INSERT 0 1
INSERT 0 1
INSERT 0 1
INSERT 0 1
INSERT 0 1
INSERT 0 1
INSERT 0 1
INSERT 0 1
INSERT 0 1
INSERT 0 1
INSERT 0 1
INSERT 0 1
INSERT 0 1
INSERT 0 1
INSERT 0 1
INSERT 0 1
INSERT 0 1
INSERT 0 1
INSERT 0 1
INSERT 0 1
INSERT 0 1
INSERT 0 1
INSERT 0 1
INSERT 0 1
INSERT 0 1
INSERT 0 1
INSERT 0 1
INSERT 0 1
INSERT 0 1
INSERT 0 1
INSERT 0 1
INSERT 0 1
INSERT 0 1
INSERT 0 1
INSERT 0 1
INSERT 0 1
INSERT 0 1
INSERT 0 1
INSERT 0 1
INSERT 0 1
INSERT 0 1
INSERT 0 1
INSERT 0 1
INSERT 0 1
INSERT 0 1
INSERT 0 1
INSERT 0 1
INSERT 0 1
INSERT 0 1
INSERT 0 1
INSERT 0 1
INSERT 0 1
INSERT 0 1
INSERT 0 1
INSERT 0 1
INSERT 0 1
INSERT 0 1
INSERT 0 1
INSERT 0 1
INSERT 0 1
INSERT 0 1
INSERT 0 1
INSERT 0 1
INSERT 0 1
INSERT 0 1
INSERT 0 1
INSERT 0 1
INSERT 0 1
INSERT 0 1
INSERT 0 1
INSERT 0 1
INSERT 0 1
INSERT 0 1
INSERT 0 1
INSERT 0 1
INSERT 0 1
Warning: Could not create socket on mxlhistorical@mail.butlerdearden.com:993
Warning: Could not connect to IMAP journalmailbox@98.102.191.14:143
Warning: Could not create socket on ptmjournalmailbox@ptmexg.pleasetouchmuseum.org:995
Warning: Could not connect to IMAP ctxjournalmailbox@216.85.119.11:143
Warning: Could not create socket on JR4@mail.stormgroup.net:993
Warning: Could not create socket on JR1@mail.stormgroup.net:993
Warning: Could not connect to IMAP archiveencore@v002.myxt.net@txmail.myxt.net:143
INSERT 0 1
INSERT 0 1
INSERT 0 1
INSERT 0 1
INSERT 0 1
INSERT 0 1
INSERT 0 1
INSERT 0 1
INSERT 0 1
INSERT 0 1
INSERT 0 1
INSERT 0 1
INSERT 0 1
INSERT 0 1
INSERT 0 1
INSERT 0 1
INSERT 0 1
INSERT 0 1
INSERT 0 1
INSERT 0 1
INSERT 0 1
INSERT 0 1
INSERT 0 1
INSERT 0 1
INSERT 0 1
INSERT 0 1
INSERT 0 1
INSERT 0 1
INSERT 0 1
INSERT 0 1
INSERT 0 1
INSERT 0 1
INSERT 0 1
INSERT 0 1
INSERT 0 1
INSERT 0 1
INSERT 0 1
INSERT 0 1
INSERT 0 1
INSERT 0 1
INSERT 0 1
INSERT 0 1
INSERT 0 1
INSERT 0 1
INSERT 0 1
INSERT 0 1
INSERT 0 1
INSERT 0 1
INSERT 0 1
INSERT 0 1
INSERT 0 1
INSERT 0 1
INSERT 0 1
INSERT 0 1
INSERT 0 1
INSERT 0 1
INSERT 0 1
INSERT 0 1
INSERT 0 1
INSERT 0 1
INSERT 0 1
INSERT 0 1
INSERT 0 1
INSERT 0 1
INSERT 0 1
INSERT 0 1
INSERT 0 1
INSERT 0 1
INSERT 0 1
INSERT 0 1
INSERT 0 1
INSERT 0 1
INSERT 0 1
INSERT 0 1
INSERT 0 1
INSERT 0 1
INSERT 0 1
INSERT 0 1
INSERT 0 1
INSERT 0 1
INSERT 0 1
INSERT 0 1
INSERT 0 1
INSERT 0 1
INSERT 0 1
INSERT 0 1
INSERT 0 1
INSERT 0 1
INSERT 0 1
INSERT 0 1
INSERT 0 1
INSERT 0 1
INSERT 0 1
INSERT 0 1
INSERT 0 1
INSERT 0 1
INSERT 0 1
INSERT 0 1
INSERT 0 1
INSERT 0 1
INSERT 0 1
INSERT 0 1
INSERT 0 1
INSERT 0 1
Warning: Could not connect to IMAP backup@rakamexports.com@s11.cyberspaceindia.com:143
Warning: Could not create socket on mxlhistorical@mail.butlerdearden.com:993
Warning: Could not connect to IMAP camjournal@mail.cammebys.com:143
Warning: Could not create socket on ptmjournalmailbox@ptmexg.pleasetouchmuseum.org:995
Warning: Could not connect to IMAP ctxjournalmailbox@216.85.119.11:143
Warning: Could not create socket on JR4@mail.stormgroup.net:993
Warning: Could not create socket on JR1@mail.stormgroup.net:993
INSERT 0 1
INSERT 0 1
INSERT 0 1
INSERT 0 1
INSERT 0 1
INSERT 0 1
INSERT 0 1
INSERT 0 1
INSERT 0 1
INSERT 0 1
INSERT 0 1
INSERT 0 1
INSERT 0 1
INSERT 0 1
INSERT 0 1
INSERT 0 1
INSERT 0 1
INSERT 0 1
INSERT 0 1
INSERT 0 1
INSERT 0 1
INSERT 0 1
INSERT 0 1
INSERT 0 1
INSERT 0 1
INSERT 0 1
INSERT 0 1
INSERT 0 1
INSERT 0 1
INSERT 0 1
INSERT 0 1
INSERT 0 1
INSERT 0 1
INSERT 0 1
INSERT 0 1
INSERT 0 1
INSERT 0 1
INSERT 0 1
INSERT 0 1
INSERT 0 1
INSERT 0 1
INSERT 0 1
INSERT 0 1
INSERT 0 1
INSERT 0 1
INSERT 0 1
INSERT 0 1
INSERT 0 1
INSERT 0 1
INSERT 0 1
INSERT 0 1
INSERT 0 1
INSERT 0 1
INSERT 0 1
INSERT 0 1
INSERT 0 1
INSERT 0 1
INSERT 0 1
INSERT 0 1
INSERT 0 1
INSERT 0 1
INSERT 0 1
INSERT 0 1
INSERT 0 1
INSERT 0 1
INSERT 0 1
INSERT 0 1
INSERT 0 1
INSERT 0 1
INSERT 0 1
INSERT 0 1
INSERT 0 1
INSERT 0 1
INSERT 0 1
INSERT 0 1
INSERT 0 1
INSERT 0 1
INSERT 0 1
INSERT 0 1
INSERT 0 1
INSERT 0 1
INSERT 0 1
INSERT 0 1
INSERT 0 1
INSERT 0 1
INSERT 0 1
INSERT 0 1
INSERT 0 1
INSERT 0 1
INSERT 0 1
INSERT 0 1
INSERT 0 1
INSERT 0 1
INSERT 0 1
INSERT 0 1
INSERT 0 1
INSERT 0 1
INSERT 0 1
INSERT 0 1
INSERT 0 1
INSERT 0 1
INSERT 0 1
INSERT 0 1
INSERT 0 1
Warning: Could not create socket on mxlhistorical@mail.butlerdearden.com:993
Warning: Could not create socket on ptmjournalmailbox@ptmexg.pleasetouchmuseum.org:995
Warning: Could not connect to IMAP ctxjournalmailbox@216.85.119.11:143
Warning: Could not create socket on JR3@mail.stormgroup.net:993
Warning: Could not connect to IMAP archiveencore@v002.myxt.net@txmail.myxt.net:143
Warning: Could not create socket on jbox@pop.guarantysb.com:993
INSERT 0 1
INSERT 0 1
INSERT 0 1
INSERT 0 1
INSERT 0 1
INSERT 0 1
INSERT 0 1
INSERT 0 1
INSERT 0 1
INSERT 0 1
INSERT 0 1
INSERT 0 1
INSERT 0 1
INSERT 0 1
INSERT 0 1
INSERT 0 1
INSERT 0 1
INSERT 0 1
INSERT 0 1
INSERT 0 1
INSERT 0 1
INSERT 0 1
INSERT 0 1
INSERT 0 1
INSERT 0 1
INSERT 0 1
INSERT 0 1
INSERT 0 1
INSERT 0 1
INSERT 0 1
INSERT 0 1
INSERT 0 1
INSERT 0 1
INSERT 0 1
INSERT 0 1
INSERT 0 1
INSERT 0 1
INSERT 0 1
INSERT 0 1
INSERT 0 1
INSERT 0 1
INSERT 0 1
INSERT 0 1
INSERT 0 1
INSERT 0 1
INSERT 0 1
INSERT 0 1
INSERT 0 1
INSERT 0 1
INSERT 0 1
INSERT 0 1
INSERT 0 1
INSERT 0 1
INSERT 0 1
INSERT 0 1
INSERT 0 1
INSERT 0 1
INSERT 0 1
INSERT 0 1
INSERT 0 1
INSERT 0 1
INSERT 0 1
INSERT 0 1
INSERT 0 1
INSERT 0 1
INSERT 0 1
INSERT 0 1
INSERT 0 1
INSERT 0 1
INSERT 0 1
INSERT 0 1
INSERT 0 1
INSERT 0 1
INSERT 0 1
INSERT 0 1
INSERT 0 1
INSERT 0 1
INSERT 0 1
INSERT 0 1
INSERT 0 1
INSERT 0 1
INSERT 0 1
INSERT 0 1
INSERT 0 1
INSERT 0 1
INSERT 0 1
INSERT 0 1
INSERT 0 1
INSERT 0 1
INSERT 0 1
INSERT 0 1
INSERT 0 1
INSERT 0 1
INSERT 0 1
INSERT 0 1
INSERT 0 1
INSERT 0 1
INSERT 0 1
INSERT 0 1
INSERT 0 1
INSERT 0 1
INSERT 0 1
INSERT 0 1
INSERT 0 1
Warning: Could not create socket on mxlhistorical@mail.butlerdearden.com:993
Warning: Could not create socket on ptmjournalmailbox@ptmexg.pleasetouchmuseum.org:995
Warning: Could not connect to IMAP ctxjournalmailbox@216.85.119.11:143
Warning: Could not create socket on JR4@mail.stormgroup.net:993
Warning: Could not create socket on JR1@mail.stormgroup.net:993
Warning: Could not connect to IMAP archiveencore@v002.myxt.net@txmail.myxt.net:143
INSERT 0 1
INSERT 0 1
INSERT 0 1
INSERT 0 1
INSERT 0 1
INSERT 0 1
INSERT 0 1
INSERT 0 1
INSERT 0 1
INSERT 0 1
INSERT 0 1
INSERT 0 1
INSERT 0 1
INSERT 0 1
INSERT 0 1
INSERT 0 1
INSERT 0 1
INSERT 0 1
INSERT 0 1
INSERT 0 1
INSERT 0 1
INSERT 0 1
INSERT 0 1
INSERT 0 1
INSERT 0 1
INSERT 0 1
INSERT 0 1
INSERT 0 1
INSERT 0 1
INSERT 0 1
INSERT 0 1
INSERT 0 1
INSERT 0 1
INSERT 0 1
INSERT 0 1
INSERT 0 1
INSERT 0 1
INSERT 0 1
INSERT 0 1
INSERT 0 1
INSERT 0 1
INSERT 0 1
INSERT 0 1
INSERT 0 1
INSERT 0 1
INSERT 0 1
INSERT 0 1
INSERT 0 1
INSERT 0 1
INSERT 0 1
INSERT 0 1
INSERT 0 1
INSERT 0 1
INSERT 0 1
INSERT 0 1
INSERT 0 1
INSERT 0 1
INSERT 0 1
INSERT 0 1
INSERT 0 1
INSERT 0 1
INSERT 0 1
INSERT 0 1
INSERT 0 1
INSERT 0 1
INSERT 0 1
INSERT 0 1
INSERT 0 1
INSERT 0 1
INSERT 0 1
INSERT 0 1
INSERT 0 1
INSERT 0 1
INSERT 0 1
INSERT 0 1
INSERT 0 1
INSERT 0 1
INSERT 0 1
INSERT 0 1
INSERT 0 1
INSERT 0 1
INSERT 0 1
INSERT 0 1
INSERT 0 1
INSERT 0 1
INSERT 0 1
INSERT 0 1
INSERT 0 1
INSERT 0 1
INSERT 0 1
INSERT 0 1
INSERT 0 1
INSERT 0 1
INSERT 0 1
INSERT 0 1
INSERT 0 1
INSERT 0 1
INSERT 0 1
INSERT 0 1
INSERT 0 1
INSERT 0 1
INSERT 0 1
INSERT 0 1
INSERT 0 1
Warning: Could not create socket on mxlogic@mail.butlerdearden.com:993
Warning: Could not create socket on ptmjournalmailbox@ptmexg.pleasetouchmuseum.org:995
Warning: Could not connect to IMAP ctxjournalmailbox@216.85.119.11:143
Warning: Could not create socket on JR3@mail.stormgroup.net:993
Warning: Could not connect to IMAP archiveencore@v002.myxt.net@txmail.myxt.net:143
INSERT 0 1
INSERT 0 1
INSERT 0 1
INSERT 0 1
INSERT 0 1
INSERT 0 1
INSERT 0 1
INSERT 0 1
INSERT 0 1
INSERT 0 1
INSERT 0 1
INSERT 0 1
INSERT 0 1
INSERT 0 1
INSERT 0 1
INSERT 0 1
INSERT 0 1
INSERT 0 1
INSERT 0 1
INSERT 0 1
INSERT 0 1
INSERT 0 1
INSERT 0 1
INSERT 0 1
INSERT 0 1
INSERT 0 1
INSERT 0 1
INSERT 0 1
INSERT 0 1
INSERT 0 1
INSERT 0 1
INSERT 0 1
INSERT 0 1
INSERT 0 1
INSERT 0 1
INSERT 0 1
INSERT 0 1
INSERT 0 1
INSERT 0 1
INSERT 0 1
INSERT 0 1
INSERT 0 1
INSERT 0 1
INSERT 0 1
INSERT 0 1
INSERT 0 1
INSERT 0 1
INSERT 0 1
INSERT 0 1
INSERT 0 1
INSERT 0 1
INSERT 0 1
INSERT 0 1
INSERT 0 1
INSERT 0 1
INSERT 0 1
INSERT 0 1
INSERT 0 1
INSERT 0 1
INSERT 0 1
INSERT 0 1
INSERT 0 1
INSERT 0 1
INSERT 0 1
INSERT 0 1
INSERT 0 1
INSERT 0 1
INSERT 0 1
INSERT 0 1
INSERT 0 1
INSERT 0 1
INSERT 0 1
INSERT 0 1
INSERT 0 1
INSERT 0 1
INSERT 0 1
INSERT 0 1
INSERT 0 1
INSERT 0 1
INSERT 0 1
INSERT 0 1
INSERT 0 1
INSERT 0 1
INSERT 0 1
INSERT 0 1
INSERT 0 1
INSERT 0 1
INSERT 0 1
INSERT 0 1
INSERT 0 1
INSERT 0 1
INSERT 0 1
INSERT 0 1
INSERT 0 1
INSERT 0 1
INSERT 0 1
INSERT 0 1
INSERT 0 1
INSERT 0 1
INSERT 0 1
INSERT 0 1
INSERT 0 1
INSERT 0 1
INSERT 0 1
Warning: Could not create socket on mxlhistorical@mail.butlerdearden.com:993
Warning: Could not create socket on ptmjournalmailbox@ptmexg.pleasetouchmuseum.org:995
Warning: Could not connect to IMAP ctxjournalmailbox@216.85.119.11:143
Warning: Could not create socket on JR3@mail.stormgroup.net:993
Warning: Could not connect to IMAP archiveencore@v002.myxt.net@txmail.myxt.net:143
INSERT 0 1
INSERT 0 1
INSERT 0 1
INSERT 0 1
INSERT 0 1
INSERT 0 1
INSERT 0 1
INSERT 0 1
INSERT 0 1
INSERT 0 1
INSERT 0 1
INSERT 0 1
INSERT 0 1
INSERT 0 1
INSERT 0 1
INSERT 0 1
INSERT 0 1
INSERT 0 1
INSERT 0 1
INSERT 0 1
INSERT 0 1
INSERT 0 1
INSERT 0 1
INSERT 0 1
INSERT 0 1
INSERT 0 1
INSERT 0 1
INSERT 0 1
INSERT 0 1
INSERT 0 1
INSERT 0 1
INSERT 0 1
INSERT 0 1
INSERT 0 1
INSERT 0 1
INSERT 0 1
INSERT 0 1
INSERT 0 1
INSERT 0 1
INSERT 0 1
INSERT 0 1
INSERT 0 1
INSERT 0 1
INSERT 0 1
INSERT 0 1
INSERT 0 1
INSERT 0 1
INSERT 0 1
INSERT 0 1
INSERT 0 1
INSERT 0 1
INSERT 0 1
INSERT 0 1
INSERT 0 1
INSERT 0 1
INSERT 0 1
INSERT 0 1
INSERT 0 1
INSERT 0 1
INSERT 0 1
INSERT 0 1
INSERT 0 1
INSERT 0 1
INSERT 0 1
INSERT 0 1
INSERT 0 1
INSERT 0 1
INSERT 0 1
INSERT 0 1
INSERT 0 1
INSERT 0 1
INSERT 0 1
INSERT 0 1
INSERT 0 1
INSERT 0 1
INSERT 0 1
INSERT 0 1
INSERT 0 1
INSERT 0 1
INSERT 0 1
INSERT 0 1
INSERT 0 1
INSERT 0 1
INSERT 0 1
INSERT 0 1
INSERT 0 1
INSERT 0 1
INSERT 0 1
INSERT 0 1
INSERT 0 1
INSERT 0 1
INSERT 0 1
INSERT 0 1
INSERT 0 1
INSERT 0 1
INSERT 0 1
INSERT 0 1
INSERT 0 1
INSERT 0 1
INSERT 0 1
INSERT 0 1
INSERT 0 1
INSERT 0 1
INSERT 0 1
Warning: Could not create socket on mxlogic@mail.butlerdearden.com:993
Warning: Could not create socket on ptmjournalmailbox@ptmexg.pleasetouchmuseum.org:995
Warning: Could not connect to IMAP ctxjournalmailbox@216.85.119.11:143
Warning: Could not create socket on JR3@mail.stormgroup.net:993
Warning: Could not connect to IMAP archiveencore@v002.myxt.net@txmail.myxt.net:143
INSERT 0 1
INSERT 0 1
INSERT 0 1
INSERT 0 1
INSERT 0 1
INSERT 0 1
INSERT 0 1
INSERT 0 1
INSERT 0 1
INSERT 0 1
INSERT 0 1
INSERT 0 1
INSERT 0 1
INSERT 0 1
INSERT 0 1
INSERT 0 1
INSERT 0 1
INSERT 0 1
INSERT 0 1
INSERT 0 1
INSERT 0 1
INSERT 0 1
INSERT 0 1
INSERT 0 1
INSERT 0 1
INSERT 0 1
INSERT 0 1
INSERT 0 1
INSERT 0 1
INSERT 0 1
INSERT 0 1
INSERT 0 1
INSERT 0 1
INSERT 0 1
INSERT 0 1
INSERT 0 1
INSERT 0 1
INSERT 0 1
INSERT 0 1
INSERT 0 1
INSERT 0 1
INSERT 0 1
INSERT 0 1
INSERT 0 1
INSERT 0 1
INSERT 0 1
INSERT 0 1
INSERT 0 1
INSERT 0 1
INSERT 0 1
INSERT 0 1
INSERT 0 1
INSERT 0 1
INSERT 0 1
INSERT 0 1
INSERT 0 1
INSERT 0 1
INSERT 0 1
INSERT 0 1
INSERT 0 1
INSERT 0 1
INSERT 0 1
INSERT 0 1
INSERT 0 1
INSERT 0 1
INSERT 0 1
INSERT 0 1
INSERT 0 1
INSERT 0 1
INSERT 0 1
INSERT 0 1
INSERT 0 1
INSERT 0 1
INSERT 0 1
INSERT 0 1
INSERT 0 1
INSERT 0 1
INSERT 0 1
INSERT 0 1
INSERT 0 1
INSERT 0 1
INSERT 0 1
INSERT 0 1
INSERT 0 1
INSERT 0 1
INSERT 0 1
INSERT 0 1
INSERT 0 1
INSERT 0 1
INSERT 0 1
INSERT 0 1
INSERT 0 1
INSERT 0 1
INSERT 0 1
INSERT 0 1
INSERT 0 1
INSERT 0 1
INSERT 0 1
INSERT 0 1
INSERT 0 1
INSERT 0 1
INSERT 0 1
INSERT 0 1
INSERT 0 1
Warning: Could not create socket on mxlhistorical@mail.butlerdearden.com:993
Argument "" isn't numeric in numeric eq (==) at
	/home/jvossler/watcher/watcher_archive.pl line 390 (#1)
    (W numeric) The indicated string was fed as an argument to an operator
    that expected a numeric value instead.  If you're fortunate the message
    will identify which operator was so unfortunate.
    
DBD::Pg::st execute failed: ERROR:  invalid input syntax for integer: "" (#2)
DBD::Pg::st execute failed: ERROR:  invalid input syntax for integer: ""
ERROR:  invalid input syntax for integer: "" (#2)
Uncaught exception from user code:
	ERROR:  invalid input syntax for integer: ""
 at /home/jvossler/watcher/watcher_archive.pl line 511
Warning: Could not create socket on mxlogic@mail.butlerdearden.com:993
Warning: Could not create socket on cwhistorical@24.234.163.54:993
Warning: Could not create socket on ptmjournalmailbox@ptmexg.pleasetouchmuseum.org:995
Warning: Could not connect to IMAP ctxjournalmailbox@216.85.119.11:143
Warning: Could not create socket on JR3@mail.stormgroup.net:993
Warning: Could not connect to IMAP archiveencore@v002.myxt.net@txmail.myxt.net:143
INSERT 0 1
INSERT 0 1
INSERT 0 1
INSERT 0 1
INSERT 0 1
INSERT 0 1
INSERT 0 1
INSERT 0 1
INSERT 0 1
INSERT 0 1
INSERT 0 1
INSERT 0 1
INSERT 0 1
INSERT 0 1
INSERT 0 1
INSERT 0 1
INSERT 0 1
INSERT 0 1
INSERT 0 1
INSERT 0 1
INSERT 0 1
INSERT 0 1
INSERT 0 1
INSERT 0 1
INSERT 0 1
INSERT 0 1
INSERT 0 1
INSERT 0 1
INSERT 0 1
INSERT 0 1
INSERT 0 1
INSERT 0 1
INSERT 0 1
INSERT 0 1
INSERT 0 1
INSERT 0 1
INSERT 0 1
INSERT 0 1
INSERT 0 1
INSERT 0 1
INSERT 0 1
INSERT 0 1
INSERT 0 1
INSERT 0 1
INSERT 0 1
INSERT 0 1
INSERT 0 1
INSERT 0 1
INSERT 0 1
INSERT 0 1
INSERT 0 1
INSERT 0 1
INSERT 0 1
INSERT 0 1
INSERT 0 1
INSERT 0 1
INSERT 0 1
INSERT 0 1
INSERT 0 1
INSERT 0 1
INSERT 0 1
INSERT 0 1
INSERT 0 1
INSERT 0 1
INSERT 0 1
INSERT 0 1
INSERT 0 1
INSERT 0 1
INSERT 0 1
INSERT 0 1
INSERT 0 1
INSERT 0 1
INSERT 0 1
INSERT 0 1
INSERT 0 1
INSERT 0 1
INSERT 0 1
INSERT 0 1
INSERT 0 1
INSERT 0 1
INSERT 0 1
INSERT 0 1
INSERT 0 1
INSERT 0 1
INSERT 0 1
INSERT 0 1
INSERT 0 1
INSERT 0 1
INSERT 0 1
INSERT 0 1
INSERT 0 1
INSERT 0 1
INSERT 0 1
INSERT 0 1
INSERT 0 1
INSERT 0 1
INSERT 0 1
INSERT 0 1
INSERT 0 1
INSERT 0 1
INSERT 0 1
INSERT 0 1
INSERT 0 1
INSERT 0 1
DBI connect('dbname=watcher;host=localhost','postgres',...) failed: could not connect to server: Connection refused
	Is the server running on host "localhost" and accepting
	TCP/IP connections on port 5432?
 at /home/jvossler/watcher/watcher_archive.pl line 495
Uncaught exception from user code:
	could not connect to server: Connection refused
	Is the server running on host "localhost" and accepting
	TCP/IP connections on port 5432?
 at /home/jvossler/watcher/watcher_archive.pl line 495
DBI connect('dbname=watcher;host=localhost','postgres',...) failed: could not connect to server: Connection refused
	Is the server running on host "localhost" and accepting
	TCP/IP connections on port 5432?
 at /home/jvossler/watcher/watcher_archive.pl line 495
Uncaught exception from user code:
	could not connect to server: Connection refused
	Is the server running on host "localhost" and accepting
	TCP/IP connections on port 5432?
 at /home/jvossler/watcher/watcher_archive.pl line 495
DBI connect('dbname=watcher;host=localhost','postgres',...) failed: could not connect to server: Connection refused
	Is the server running on host "localhost" and accepting
	TCP/IP connections on port 5432?
 at /home/jvossler/watcher/watcher_archive.pl line 495
Uncaught exception from user code:
	could not connect to server: Connection refused
	Is the server running on host "localhost" and accepting
	TCP/IP connections on port 5432?
 at /home/jvossler/watcher/watcher_archive.pl line 495
DBI connect('dbname=watcher;host=localhost','postgres',...) failed: could not connect to server: Connection refused
	Is the server running on host "localhost" and accepting
	TCP/IP connections on port 5432?
 at /home/jvossler/watcher/watcher_archive.pl line 495
Uncaught exception from user code:
	could not connect to server: Connection refused
	Is the server running on host "localhost" and accepting
	TCP/IP connections on port 5432?
 at /home/jvossler/watcher/watcher_archive.pl line 495
DBI connect('dbname=watcher;host=localhost','postgres',...) failed: could not connect to server: Connection refused
	Is the server running on host "localhost" and accepting
	TCP/IP connections on port 5432?
 at /home/jvossler/watcher/watcher_archive.pl line 495
Uncaught exception from user code:
	could not connect to server: Connection refused
	Is the server running on host "localhost" and accepting
	TCP/IP connections on port 5432?
 at /home/jvossler/watcher/watcher_archive.pl line 495
DBI connect('dbname=watcher;host=localhost','postgres',...) failed: could not connect to server: Connection refused
	Is the server running on host "localhost" and accepting
	TCP/IP connections on port 5432?
 at /home/jvossler/watcher/watcher_archive.pl line 495
Uncaught exception from user code:
	could not connect to server: Connection refused
	Is the server running on host "localhost" and accepting
	TCP/IP connections on port 5432?
 at /home/jvossler/watcher/watcher_archive.pl line 495
DBI connect('dbname=watcher;host=localhost','postgres',...) failed: could not connect to server: Connection refused
	Is the server running on host "localhost" and accepting
	TCP/IP connections on port 5432?
 at /home/jvossler/watcher/watcher_archive.pl line 495
Uncaught exception from user code:
	could not connect to server: Connection refused
	Is the server running on host "localhost" and accepting
	TCP/IP connections on port 5432?
 at /home/jvossler/watcher/watcher_archive.pl line 495
DBI connect('dbname=watcher;host=localhost','postgres',...) failed: could not connect to server: Connection refused
	Is the server running on host "localhost" and accepting
	TCP/IP connections on port 5432?
 at /home/jvossler/watcher/watcher_archive.pl line 495
Uncaught exception from user code:
	could not connect to server: Connection refused
	Is the server running on host "localhost" and accepting
	TCP/IP connections on port 5432?
 at /home/jvossler/watcher/watcher_archive.pl line 495
DBI connect('dbname=watcher;host=localhost','postgres',...) failed: could not connect to server: Connection refused
	Is the server running on host "localhost" and accepting
	TCP/IP connections on port 5432?
 at /home/jvossler/watcher/watcher_archive.pl line 495
Uncaught exception from user code:
	could not connect to server: Connection refused
	Is the server running on host "localhost" and accepting
	TCP/IP connections on port 5432?
 at /home/jvossler/watcher/watcher_archive.pl line 495
DBI connect('dbname=watcher;host=localhost','postgres',...) failed: could not connect to server: Connection refused
	Is the server running on host "localhost" and accepting
	TCP/IP connections on port 5432?
 at /home/jvossler/watcher/watcher_archive.pl line 495
Uncaught exception from user code:
	could not connect to server: Connection refused
	Is the server running on host "localhost" and accepting
	TCP/IP connections on port 5432?
 at /home/jvossler/watcher/watcher_archive.pl line 495
DBI connect('dbname=watcher;host=localhost','postgres',...) failed: could not connect to server: Connection refused
	Is the server running on host "localhost" and accepting
	TCP/IP connections on port 5432?
 at /home/jvossler/watcher/watcher_archive.pl line 495
Uncaught exception from user code:
	could not connect to server: Connection refused
	Is the server running on host "localhost" and accepting
	TCP/IP connections on port 5432?
 at /home/jvossler/watcher/watcher_archive.pl line 495
DBI connect('dbname=watcher;host=localhost','postgres',...) failed: could not connect to server: Connection refused
	Is the server running on host "localhost" and accepting
	TCP/IP connections on port 5432?
 at /home/jvossler/watcher/watcher_archive.pl line 495
Uncaught exception from user code:
	could not connect to server: Connection refused
	Is the server running on host "localhost" and accepting
	TCP/IP connections on port 5432?
 at /home/jvossler/watcher/watcher_archive.pl line 495
DBI connect('dbname=watcher;host=localhost','postgres',...) failed: could not connect to server: Connection refused
	Is the server running on host "localhost" and accepting
	TCP/IP connections on port 5432?
 at /home/jvossler/watcher/watcher_archive.pl line 495
Uncaught exception from user code:
	could not connect to server: Connection refused
	Is the server running on host "localhost" and accepting
	TCP/IP connections on port 5432?
 at /home/jvossler/watcher/watcher_archive.pl line 495
DBI connect('dbname=watcher;host=localhost','postgres',...) failed: could not connect to server: Connection refused
	Is the server running on host "localhost" and accepting
	TCP/IP connections on port 5432?
 at /home/jvossler/watcher/watcher_archive.pl line 495
Uncaught exception from user code:
	could not connect to server: Connection refused
	Is the server running on host "localhost" and accepting
	TCP/IP connections on port 5432?
 at /home/jvossler/watcher/watcher_archive.pl line 495
DBI connect('dbname=watcher;host=localhost','postgres',...) failed: could not connect to server: Connection refused
	Is the server running on host "localhost" and accepting
	TCP/IP connections on port 5432?
 at /home/jvossler/watcher/watcher_archive.pl line 495
Uncaught exception from user code:
	could not connect to server: Connection refused
	Is the server running on host "localhost" and accepting
	TCP/IP connections on port 5432?
 at /home/jvossler/watcher/watcher_archive.pl line 495
DBI connect('dbname=watcher;host=localhost','postgres',...) failed: could not connect to server: Connection refused
	Is the server running on host "localhost" and accepting
	TCP/IP connections on port 5432?
 at /home/jvossler/watcher/watcher_archive.pl line 495
Uncaught exception from user code:
	could not connect to server: Connection refused
	Is the server running on host "localhost" and accepting
	TCP/IP connections on port 5432?
 at /home/jvossler/watcher/watcher_archive.pl line 495
DBI connect('dbname=watcher;host=localhost','postgres',...) failed: could not connect to server: Connection refused
	Is the server running on host "localhost" and accepting
	TCP/IP connections on port 5432?
 at /home/jvossler/watcher/watcher_archive.pl line 495
Uncaught exception from user code:
	could not connect to server: Connection refused
	Is the server running on host "localhost" and accepting
	TCP/IP connections on port 5432?
 at /home/jvossler/watcher/watcher_archive.pl line 495
